<?xml version="1.0" encoding="UTF-8"?>
<!-- Generated by org.testng.reporters.JUnitReportReporter -->
<testsuite hostname="AliAzferFamily" failures="0" tests="1" name="com.test.MouseHovering" time="2.749" errors="0" timestamp="2025-09-17T12:47:54 IST" skipped="0">
  <testcase classname="com.test.MouseHovering" name="Hovering" time="2.749"/>
</testsuite> <!-- com.test.MouseHovering -->
